TN:
SF:src/components/admin/AdminBackground.tsx
FN:4,AdminBackground
FNF:1
FNH:0
FNDA:0,AdminBackground
DA:4,0
DA:5,0
LF:2
LH:0
BRF:0
BRH:0
end_of_record
TN:
SF:src/components/admin/AdminToast.tsx
FN:11,AdminToast
FN:12,(anonymous_1)
FN:14,(anonymous_2)
FNF:3
FNH:3
FNDA:5,AdminToast
FNDA:5,(anonymous_1)
FNDA:5,(anonymous_2)
DA:12,5
DA:13,5
DA:14,5
DA:16,5
LF:4
LH:4
BRDA:18,0,0,4
BRDA:18,0,1,1
BRDA:19,1,0,4
BRDA:19,1,1,1
BRDA:26,2,0,4
BRDA:26,2,1,1
BRF:6
BRH:6
end_of_record
TN:
SF:src/components/admin/ConfirmDialog.tsx
FN:10,ConfirmDialog
FNF:1
FNH:1
FNDA:5,ConfirmDialog
DA:11,5
LF:1
LH:1
BRF:0
BRH:0
end_of_record
TN:
SF:src/components/admin/LobbiesTable.tsx
FN:14,LobbiesTable
FN:20,(anonymous_1)
FN:21,handler
FN:25,(anonymous_3)
FN:28,(anonymous_4)
FN:39,(anonymous_5)
FN:43,(anonymous_6)
FN:43,(anonymous_7)
FN:53,(anonymous_8)
FN:54,(anonymous_9)
FN:75,(anonymous_10)
FN:107,(anonymous_11)
FN:111,(anonymous_12)
FNF:13
FNH:0
FNDA:0,LobbiesTable
FNDA:0,(anonymous_1)
FNDA:0,handler
FNDA:0,(anonymous_3)
FNDA:0,(anonymous_4)
FNDA:0,(anonymous_5)
FNDA:0,(anonymous_6)
FNDA:0,(anonymous_7)
FNDA:0,(anonymous_8)
FNDA:0,(anonymous_9)
FNDA:0,(anonymous_10)
FNDA:0,(anonymous_11)
FNDA:0,(anonymous_12)
DA:15,0
DA:16,0
DA:17,0
DA:18,0
DA:20,0
DA:22,0
DA:24,0
DA:25,0
DA:28,0
DA:29,0
DA:30,0
DA:31,0
DA:34,0
DA:39,0
DA:43,0
DA:53,0
DA:54,0
DA:76,0
DA:77,0
DA:78,0
DA:79,0
DA:107,0
DA:111,0
LF:23
LH:0
BRDA:22,0,0,0
BRDA:22,0,1,0
BRDA:22,1,0,0
BRDA:22,1,1,0
BRDA:30,2,0,0
BRDA:30,2,1,0
BRDA:31,3,0,0
BRDA:31,3,1,0
BRDA:45,4,0,0
BRDA:45,4,1,0
BRDA:46,5,0,0
BRDA:46,5,1,0
BRDA:49,6,0,0
BRDA:49,6,1,0
BRDA:55,7,0,0
BRDA:55,7,1,0
BRDA:73,8,0,0
BRDA:73,8,1,0
BRDA:76,9,0,0
BRDA:76,9,1,0
BRDA:78,10,0,0
BRDA:78,10,1,0
BRDA:102,11,0,0
BRDA:102,11,1,0
BRF:24
BRH:0
end_of_record
TN:
SF:src/components/admin/LobbyModal.tsx
FN:15,LobbyModal
FN:27,setField
FN:28,(anonymous_2)
FN:31,handleSubmit
FN:86,(anonymous_4)
FN:92,(anonymous_5)
FN:98,(anonymous_6)
FN:106,(anonymous_7)
FN:107,(anonymous_8)
FN:114,(anonymous_9)
FN:118,(anonymous_10)
FNF:11
FNH:0
FNDA:0,LobbyModal
FNDA:0,setField
FNDA:0,(anonymous_2)
FNDA:0,handleSubmit
FNDA:0,(anonymous_4)
FNDA:0,(anonymous_5)
FNDA:0,(anonymous_6)
FNDA:0,(anonymous_7)
FNDA:0,(anonymous_8)
FNDA:0,(anonymous_9)
FNDA:0,(anonymous_10)
DA:16,0
DA:24,0
DA:25,0
DA:28,0
DA:32,0
DA:33,0
DA:34,0
DA:35,0
DA:43,0
DA:45,0
DA:46,0
DA:48,0
DA:52,0
DA:53,0
DA:55,0
DA:86,0
DA:92,0
DA:98,0
DA:106,0
DA:107,0
DA:114,0
DA:118,0
LF:22
LH:0
BRDA:22,0,0,0
BRDA:22,0,1,0
BRDA:46,1,0,0
BRDA:46,1,1,0
BRDA:123,2,0,0
BRDA:123,2,1,0
BRDA:138,3,0,0
BRDA:138,3,1,0
BRF:8
BRH:0
end_of_record
TN:
SF:src/components/admin/RankBadge.tsx
FN:4,RankBadge
FNF:1
FNH:1
FNDA:6,RankBadge
DA:5,6
DA:6,6
DA:7,6
LF:3
LH:3
BRDA:5,0,0,6
BRDA:5,0,1,1
BRDA:6,1,0,6
BRDA:6,1,1,1
BRF:4
BRH:4
end_of_record
TN:
SF:src/components/admin/StatCard.tsx
FN:12,StatCard
FNF:1
FNH:0
FNDA:0,StatCard
DA:13,0
LF:1
LH:0
BRF:0
BRH:0
end_of_record
TN:
SF:src/components/admin/StatusBadge.tsx
FN:8,StatusBadge
FNF:1
FNH:1
FNDA:7,StatusBadge
DA:9,7
DA:12,7
DA:13,7
LF:3
LH:3
BRDA:8,0,0,7
BRDA:9,1,0,3
BRDA:9,1,1,4
BRDA:10,2,0,3
BRDA:10,2,1,0
BRDA:11,3,0,4
BRDA:11,3,1,2
BRDA:12,4,0,4
BRDA:12,4,1,3
BRDA:12,5,0,4
BRDA:12,5,1,2
BRDA:16,6,0,7
BRDA:16,6,1,4
BRF:13
BRH:12
end_of_record
TN:
SF:src/components/admin/UserModal.tsx
FN:15,UserModal
FN:29,setField
FN:30,(anonymous_2)
FN:33,handleSubmit
FN:92,(anonymous_4)
FN:96,(anonymous_5)
FN:102,(anonymous_6)
FN:108,(anonymous_7)
FN:115,(anonymous_8)
FN:116,(anonymous_9)
FN:121,(anonymous_10)
FN:131,(anonymous_11)
FNF:12
FNH:0
FNDA:0,UserModal
FNDA:0,setField
FNDA:0,(anonymous_2)
FNDA:0,handleSubmit
FNDA:0,(anonymous_4)
FNDA:0,(anonymous_5)
FNDA:0,(anonymous_6)
FNDA:0,(anonymous_7)
FNDA:0,(anonymous_8)
FNDA:0,(anonymous_9)
FNDA:0,(anonymous_10)
FNDA:0,(anonymous_11)
DA:16,0
DA:17,0
DA:26,0
DA:27,0
DA:30,0
DA:34,0
DA:35,0
DA:36,0
DA:37,0
DA:45,0
DA:46,0
DA:47,0
DA:48,0
DA:50,0
DA:51,0
DA:53,0
DA:57,0
DA:58,0
DA:60,0
DA:92,0
DA:96,0
DA:102,0
DA:108,0
DA:115,0
DA:116,0
DA:121,0
DA:131,0
LF:27
LH:0
BRDA:18,0,0,0
BRDA:18,0,1,0
BRDA:19,1,0,0
BRDA:19,1,1,0
BRDA:21,2,0,0
BRDA:21,2,1,0
BRDA:22,3,0,0
BRDA:22,3,1,0
BRDA:23,4,0,0
BRDA:23,4,1,0
BRDA:24,5,0,0
BRDA:24,5,1,0
BRDA:45,6,0,0
BRDA:45,6,1,0
BRDA:46,7,0,0
BRDA:46,7,1,0
BRDA:46,8,0,0
BRDA:46,8,1,0
BRDA:51,9,0,0
BRDA:51,9,1,0
BRDA:79,10,0,0
BRDA:79,10,1,0
BRDA:80,11,0,0
BRDA:80,11,1,0
BRDA:101,12,0,0
BRDA:101,12,1,0
BRDA:102,13,0,0
BRDA:102,13,1,0
BRDA:135,14,0,0
BRDA:135,14,1,0
BRDA:150,15,0,0
BRDA:150,15,1,0
BRDA:150,16,0,0
BRDA:150,16,1,0
BRF:34
BRH:0
end_of_record
TN:
SF:src/components/admin/UsersTable.tsx
FN:15,UsersTable
FN:17,(anonymous_1)
FN:28,(anonymous_2)
FN:44,(anonymous_3)
FN:68,(anonymous_4)
FN:72,(anonymous_5)
FNF:6
FNH:0
FNDA:0,UsersTable
FNDA:0,(anonymous_1)
FNDA:0,(anonymous_2)
FNDA:0,(anonymous_3)
FNDA:0,(anonymous_4)
FNDA:0,(anonymous_5)
DA:16,0
DA:17,0
DA:18,0
DA:22,0
DA:28,0
DA:44,0
DA:68,0
DA:72,0
LF:8
LH:0
BRDA:18,0,0,0
BRDA:18,0,1,0
BRDA:42,1,0,0
BRDA:42,1,1,0
BRDA:56,2,0,0
BRDA:56,2,1,0
BRDA:60,3,0,0
BRDA:60,3,1,0
BRDA:63,4,0,0
BRDA:63,4,1,0
BRDA:64,5,0,0
BRDA:64,5,1,0
BRF:12
BRH:0
end_of_record
TN:
SF:src/components/admin/adminConstants.ts
FNF:0
FNH:0
DA:3,2
DA:5,2
DA:10,2
DA:15,2
DA:17,2
DA:25,2
DA:31,2
LF:7
LH:7
BRF:0
BRH:0
end_of_record
TN:
SF:src/components/auth/ProtectedRoute.tsx
FN:12,ProtectedRoute
FN:13,(anonymous_1)
FN:15,(anonymous_2)
FN:16,update
FN:21,(anonymous_4)
FNF:5
FNH:4
FNDA:6,ProtectedRoute
FNDA:6,(anonymous_1)
FNDA:6,(anonymous_2)
FNDA:0,update
FNDA:6,(anonymous_4)
DA:13,6
DA:15,6
DA:17,0
DA:20,6
DA:21,6
DA:22,6
DA:26,6
DA:27,2
DA:30,4
LF:9
LH:8
BRDA:12,0,0,6
BRDA:12,1,0,6
BRDA:26,2,0,2
BRDA:26,2,1,4
BRDA:27,3,0,1
BRDA:27,3,1,1
BRDA:30,4,0,1
BRDA:30,4,1,3
BRF:8
BRH:8
end_of_record
TN:
SF:src/components/common/Button.tsx
FN:16,ButtonComponent
FNF:1
FNH:1
FNDA:370,ButtonComponent
DA:11,10
DA:16,10
DA:17,370
DA:18,370
DA:20,370
DA:27,10
LF:6
LH:6
BRDA:16,0,0,370
BRDA:16,1,0,370
BRDA:17,2,0,370
BRDA:17,2,1,0
BRF:4
BRH:3
end_of_record
TN:
SF:src/components/common/Card.tsx
FN:8,CardComponent
FN:20,CardHeader
FN:24,CardTitle
FN:28,CardDescription
FN:32,CardContent
FN:36,CardFooter
FNF:6
FNH:6
FNDA:1,CardComponent
FNDA:1,CardHeader
FNDA:1,CardTitle
FNDA:1,CardDescription
FNDA:1,CardContent
FNDA:1,CardFooter
DA:8,1
DA:9,1
DA:11,1
DA:18,1
DA:20,1
DA:21,1
DA:24,1
DA:25,1
DA:28,1
DA:29,1
DA:32,1
DA:33,1
DA:36,1
DA:37,1
LF:14
LH:14
BRDA:8,0,0,1
BRDA:20,1,0,1
BRDA:24,2,0,1
BRDA:28,3,0,1
BRDA:32,4,0,1
BRDA:36,5,0,1
BRF:6
BRH:6
end_of_record
TN:
SF:src/components/common/ErrorBoundary.tsx
FN:16,(anonymous_0)
FN:20,(anonymous_1)
FN:24,(anonymous_2)
FNF:3
FNH:3
FNDA:2,(anonymous_0)
FNDA:3,(anonymous_1)
FNDA:21,(anonymous_2)
DA:13,16
DA:17,6
DA:21,3
DA:25,21
DA:26,6
DA:28,15
LF:6
LH:6
BRDA:25,0,0,6
BRDA:25,0,1,15
BRDA:26,1,0,6
BRDA:26,1,1,4
BRF:4
BRH:4
end_of_record
TN:
SF:src/components/common/Label.tsx
FN:9,Label
FNF:1
FNH:1
FNDA:3,Label
DA:9,1
DA:10,3
DA:12,3
LF:3
LH:3
BRDA:9,0,0,3
BRDA:9,1,0,3
BRF:2
BRH:2
end_of_record
TN:
SF:src/components/common/Spinner.tsx
FN:1,Spinner
FNF:1
FNH:1
FNDA:2,Spinner
DA:2,2
LF:1
LH:1
BRF:0
BRH:0
end_of_record
TN:
SF:src/components/dashboard/DashboardBackground.tsx
FN:4,DashboardBackground
FNF:1
FNH:0
FNDA:0,DashboardBackground
DA:4,0
DA:5,0
LF:2
LH:0
BRF:0
BRH:0
end_of_record
TN:
SF:src/components/dashboard/DashboardFooter.tsx
FN:3,DashboardFooter
FN:22,(anonymous_1)
FN:30,(anonymous_2)
FNF:3
FNH:3
FNDA:4,DashboardFooter
FNDA:12,(anonymous_1)
FNDA:12,(anonymous_2)
DA:4,4
DA:22,12
DA:30,12
LF:3
LH:3
BRF:0
BRH:0
end_of_record
TN:
SF:src/components/dashboard/MmrProgressCard.tsx
FN:18,getRankCfg
FN:22,getRankProgress
FN:29,MmrProgressCard
FNF:3
FNH:3
FNDA:16,getRankCfg
FNDA:6,getRankProgress
FNDA:6,MmrProgressCard
DA:6,1
DA:19,16
DA:23,6
DA:24,6
DA:25,4
DA:26,4
DA:30,6
DA:31,6
DA:32,6
DA:33,6
DA:34,6
DA:35,6
DA:36,6
DA:38,6
LF:14
LH:14
BRDA:19,0,0,16
BRDA:19,0,1,0
BRDA:24,1,0,2
BRDA:24,1,1,4
BRDA:34,2,0,2
BRDA:34,2,1,4
BRDA:35,3,0,4
BRDA:35,3,1,2
BRDA:79,4,0,4
BRDA:79,4,1,2
BRDA:79,5,0,6
BRDA:79,5,1,4
BRDA:94,6,0,6
BRDA:94,6,1,4
BRDA:94,6,2,4
BRDA:101,7,0,6
BRDA:101,7,1,2
BRF:17
BRH:16
end_of_record
TN:
SF:src/components/dashboard/RecentLobbiesCard.tsx
FN:20,RecentLobbiesCard
FN:54,(anonymous_1)
FNF:2
FNH:2
FNDA:6,RecentLobbiesCard
FNDA:7,(anonymous_1)
DA:6,1
DA:12,1
DA:21,6
DA:55,7
DA:56,7
DA:57,7
LF:6
LH:6
BRDA:42,0,0,2
BRDA:42,0,1,4
BRDA:55,1,0,7
BRDA:55,1,1,0
BRDA:72,2,0,7
BRDA:72,2,1,0
BRF:6
BRH:4
end_of_record
TN:
SF:src/components/dashboard/RiotAccountCard.tsx
FN:28,RiotRankedBadge
FN:44,RiotAccountCard
FN:53,handleLink
FN:71,handleUnlink
FN:85,handleRefresh
FN:100,(anonymous_5)
FN:169,(anonymous_6)
FN:235,(anonymous_7)
FN:246,(anonymous_8)
FN:257,(anonymous_9)
FN:261,(anonymous_10)
FNF:11
FNH:0
FNDA:0,RiotRankedBadge
FNDA:0,RiotAccountCard
FNDA:0,handleLink
FNDA:0,handleUnlink
FNDA:0,handleRefresh
FNDA:0,(anonymous_5)
FNDA:0,(anonymous_6)
FNDA:0,(anonymous_7)
FNDA:0,(anonymous_8)
FNDA:0,(anonymous_9)
FNDA:0,(anonymous_10)
DA:8,0
DA:22,0
DA:29,0
DA:30,0
DA:31,0
DA:32,0
DA:45,0
DA:46,0
DA:47,0
DA:48,0
DA:49,0
DA:50,0
DA:51,0
DA:54,0
DA:55,0
DA:56,0
DA:57,0
DA:58,0
DA:59,0
DA:60,0
DA:61,0
DA:62,0
DA:64,0
DA:65,0
DA:67,0
DA:72,0
DA:73,0
DA:74,0
DA:75,0
DA:76,0
DA:77,0
DA:79,0
DA:81,0
DA:86,0
DA:87,0
DA:88,0
DA:89,0
DA:90,0
DA:91,0
DA:93,0
DA:94,0
DA:96,0
DA:100,0
DA:101,0
DA:102,0
DA:103,0
DA:104,0
DA:105,0
DA:106,0
DA:108,0
DA:170,0
DA:235,0
DA:246,0
DA:257,0
DA:261,0
LF:55
LH:0
BRDA:29,0,0,0
BRDA:29,0,1,0
BRDA:30,1,0,0
BRDA:30,1,1,0
BRDA:34,2,0,0
BRDA:34,2,1,0
BRDA:34,3,0,0
BRDA:34,3,1,0
BRDA:54,4,0,0
BRDA:54,4,1,0
BRDA:54,5,0,0
BRDA:54,5,1,0
BRDA:65,6,0,0
BRDA:65,6,1,0
BRDA:94,7,0,0
BRDA:94,7,1,0
BRDA:100,8,0,0
BRDA:100,8,1,0
BRDA:102,9,0,0
BRDA:102,9,1,0
BRDA:103,10,0,0
BRDA:103,10,1,0
BRDA:104,11,0,0
BRDA:104,11,1,0
BRDA:104,12,0,0
BRDA:104,12,1,0
BRDA:105,13,0,0
BRDA:105,13,1,0
BRDA:105,14,0,0
BRDA:105,14,1,0
BRDA:106,15,0,0
BRDA:106,15,1,0
BRDA:126,16,0,0
BRDA:126,16,1,0
BRDA:133,17,0,0
BRDA:133,17,1,0
BRDA:134,18,0,0
BRDA:134,18,1,0
BRDA:141,19,0,0
BRDA:141,19,1,0
BRDA:163,20,0,0
BRDA:163,20,1,0
BRDA:167,21,0,0
BRDA:167,21,1,0
BRDA:168,22,0,0
BRDA:168,22,1,0
BRDA:168,23,0,0
BRDA:168,23,1,0
BRDA:188,24,0,0
BRDA:188,24,1,0
BRDA:191,25,0,0
BRDA:191,25,1,0
BRDA:195,26,0,0
BRDA:195,26,1,0
BRDA:209,27,0,0
BRDA:209,27,1,0
BRDA:269,28,0,0
BRDA:269,28,1,0
BRDA:269,28,2,0
BRDA:273,29,0,0
BRDA:273,29,1,0
BRDA:280,30,0,0
BRDA:280,30,1,0
BRDA:282,31,0,0
BRDA:282,31,1,0
BRDA:283,32,0,0
BRDA:283,32,1,0
BRDA:288,33,0,0
BRDA:288,33,1,0
BRF:69
BRH:0
end_of_record
TN:
SF:src/components/dashboard/StatCard.tsx
FN:16,useCountUp
FN:20,(anonymous_1)
FN:21,(anonymous_2)
FN:23,tick
FN:34,(anonymous_4)
FN:43,StatCard
FNF:6
FNH:0
FNDA:0,useCountUp
FNDA:0,(anonymous_1)
FNDA:0,(anonymous_2)
FNDA:0,tick
FNDA:0,(anonymous_4)
FNDA:0,StatCard
DA:17,0
DA:18,0
DA:20,0
DA:21,0
DA:22,0
DA:24,0
DA:25,0
DA:26,0
DA:27,0
DA:28,0
DA:29,0
DA:32,0
DA:34,0
DA:35,0
DA:36,0
DA:40,0
DA:44,0
DA:45,0
DA:47,0
LF:19
LH:0
BRDA:16,0,0,0
BRDA:16,1,0,0
BRDA:28,2,0,0
BRDA:28,2,1,0
BRDA:36,3,0,0
BRDA:36,3,1,0
BRDA:43,4,0,0
BRDA:43,5,0,0
BRDA:43,6,0,0
BRDA:45,7,0,0
BRDA:45,7,1,0
BRF:11
BRH:0
end_of_record
TN:
SF:src/components/landing/CTASection.tsx
FN:15,CTASection
FN:52,(anonymous_1)
FNF:2
FNH:2
FNDA:5,CTASection
FNDA:30,(anonymous_1)
DA:6,1
DA:16,5
DA:53,30
LF:3
LH:3
BRF:0
BRH:0
end_of_record
TN:
SF:src/components/landing/FeatureCard.tsx
FN:16,FeatureCard
FNF:1
FNH:1
FNDA:12,FeatureCard
DA:17,12
DA:19,12
LF:2
LH:2
BRF:0
BRH:0
end_of_record
TN:
SF:src/components/landing/FeaturesSection.tsx
FN:11,FeatureSpotlight
FN:31,(anonymous_1)
FN:62,(anonymous_2)
FN:68,(anonymous_3)
FN:88,FeaturesSection
FN:91,(anonymous_5)
FN:96,(anonymous_6)
FN:97,(anonymous_7)
FN:102,(anonymous_8)
FN:140,(anonymous_9)
FNF:10
FNH:8
FNDA:3,FeatureSpotlight
FNDA:3,(anonymous_1)
FNDA:9,(anonymous_2)
FNDA:1,(anonymous_3)
FNDA:3,FeaturesSection
FNDA:2,(anonymous_5)
FNDA:0,(anonymous_6)
FNDA:0,(anonymous_7)
FNDA:2,(anonymous_8)
FNDA:9,(anonymous_9)
DA:12,3
DA:32,3
DA:33,3
DA:34,3
DA:63,9
DA:64,9
DA:68,1
DA:89,3
DA:91,3
DA:92,2
DA:93,0
DA:96,2
DA:97,0
DA:98,0
DA:102,2
DA:103,2
DA:107,3
DA:141,9
LF:18
LH:15
BRDA:71,0,0,3
BRDA:71,0,1,6
BRDA:92,1,0,0
BRDA:92,1,1,2
BRF:4
BRH:3
end_of_record
TN:
SF:src/components/landing/Footer.tsx
FN:3,Footer
FNF:1
FNH:1
FNDA:3,Footer
DA:4,3
LF:1
LH:1
BRF:0
BRH:0
end_of_record
TN:
SF:src/components/landing/HeroSection.tsx
FN:18,StatCounter
FN:52,getPrefetchProps
FN:54,(anonymous_2)
FN:55,(anonymous_3)
FN:56,(anonymous_4)
FN:60,HeroSection
FN:71,(anonymous_6)
FN:76,animate
FN:80,(anonymous_8)
FN:105,(anonymous_9)
FN:112,(anonymous_10)
FN:113,(anonymous_11)
FN:120,handleMouseMove
FN:129,(anonymous_13)
FN:279,(anonymous_14)
FN:340,(anonymous_15)
FNF:16
FNH:12
FNDA:6,StatCounter
FNDA:6,getPrefetchProps
FNDA:6,(anonymous_2)
FNDA:6,(anonymous_3)
FNDA:6,(anonymous_4)
FNDA:2,HeroSection
FNDA:2,(anonymous_6)
FNDA:0,animate
FNDA:0,(anonymous_8)
FNDA:2,(anonymous_9)
FNDA:2,(anonymous_10)
FNDA:2,(anonymous_11)
FNDA:0,handleMouseMove
FNDA:0,(anonymous_13)
FNDA:6,(anonymous_14)
FNDA:6,(anonymous_15)
DA:19,6
DA:46,1
DA:53,6
DA:54,2
DA:55,0
DA:56,0
DA:61,2
DA:62,2
DA:63,2
DA:65,2
DA:66,2
DA:67,2
DA:68,2
DA:69,2
DA:71,2
DA:73,2
DA:74,2
DA:77,0
DA:78,0
DA:80,0
DA:81,0
DA:87,0
DA:92,0
DA:95,0
DA:98,0
DA:99,0
DA:103,2
DA:105,2
DA:106,2
DA:107,2
DA:112,2
DA:113,2
DA:114,2
DA:115,0
DA:121,0
DA:122,0
DA:123,0
DA:125,0
DA:126,0
DA:129,0
DA:130,0
DA:131,0
DA:137,0
DA:138,0
DA:141,0
DA:142,0
DA:148,2
DA:280,6
DA:281,6
DA:283,6
DA:287,6
DA:341,6
LF:52
LH:28
BRDA:87,0,0,0
BRDA:87,0,1,0
BRDA:88,1,0,0
BRDA:88,1,1,0
BRDA:88,1,2,0
BRDA:98,2,0,0
BRDA:98,2,1,0
BRDA:106,3,0,2
BRDA:106,3,1,0
BRDA:114,4,0,0
BRDA:114,4,1,2
BRDA:125,5,0,0
BRDA:125,5,1,0
BRDA:130,6,0,0
BRDA:130,6,1,0
BRDA:137,7,0,0
BRDA:137,7,1,0
BRDA:141,8,0,0
BRDA:141,8,1,0
BRDA:243,9,0,0
BRDA:243,9,1,2
BRDA:283,10,0,2
BRDA:283,10,1,4
BRDA:299,11,0,2
BRDA:299,11,1,4
BRDA:316,12,0,2
BRDA:316,12,1,4
BRDA:328,13,0,2
BRDA:328,13,1,4
BRF:29
BRH:11
end_of_record
TN:
SF:src/components/landing/RankCard.tsx
FN:16,RankCard
FNF:1
FNH:1
FNDA:24,RankCard
DA:17,24
DA:19,24
LF:2
LH:2
BRDA:24,0,0,4
BRDA:24,0,1,20
BRDA:33,1,0,4
BRDA:33,1,1,20
BRDA:40,2,0,4
BRDA:40,2,1,20
BRF:6
BRH:6
end_of_record
TN:
SF:src/components/landing/RankSection.tsx
FN:10,RankSection
FN:13,(anonymous_1)
FN:47,(anonymous_2)
FN:53,(anonymous_3)
FNF:4
FNH:4
FNDA:3,RankSection
FNDA:11,(anonymous_1)
FNDA:21,(anonymous_2)
FNDA:1,(anonymous_3)
DA:11,3
DA:13,3
DA:14,11
DA:16,3
DA:18,3
DA:48,21
DA:53,1
LF:7
LH:7
BRF:0
BRH:0
end_of_record
TN:
SF:src/components/lobbies/LobbiesBackground.tsx
FN:4,LobbiesBackground
FNF:1
FNH:0
FNDA:0,LobbiesBackground
DA:4,0
DA:5,0
LF:2
LH:0
BRF:0
BRH:0
end_of_record
TN:
SF:src/components/lobbies/LobbyCard.tsx
FN:86,getCardAction
FN:103,LobbyCard
FN:216,(anonymous_2)
FN:226,(anonymous_3)
FNF:4
FNH:4
FNDA:17,getCardAction
FNDA:17,LobbyCard
FNDA:17,(anonymous_2)
FNDA:3,(anonymous_3)
DA:17,1
DA:46,1
DA:55,1
DA:91,17
DA:92,15
DA:93,12
DA:94,11
DA:96,2
DA:97,2
DA:98,1
DA:99,1
DA:100,0
DA:103,1
DA:104,17
DA:105,17
DA:106,17
DA:107,17
DA:108,17
DA:109,17
DA:110,17
DA:111,17
DA:112,17
DA:113,17
DA:115,17
DA:217,1
DA:226,1
LF:26
LH:25
BRDA:91,0,0,15
BRDA:91,0,1,2
BRDA:92,1,0,3
BRDA:92,1,1,12
BRDA:93,2,0,1
BRDA:93,2,1,11
BRDA:96,3,0,0
BRDA:96,3,1,2
BRDA:97,4,0,1
BRDA:97,4,1,1
BRDA:98,5,0,0
BRDA:98,5,1,1
BRDA:99,6,0,1
BRDA:99,6,1,0
BRDA:104,7,0,17
BRDA:104,7,1,17
BRDA:109,8,0,17
BRDA:109,8,1,2
BRDA:110,9,0,17
BRDA:110,9,1,2
BRDA:112,10,0,17
BRDA:112,10,1,0
BRDA:155,11,0,17
BRDA:155,11,1,1
BRDA:164,12,0,17
BRDA:164,12,1,1
BRDA:170,13,0,17
BRDA:170,13,1,2
BRDA:170,13,2,0
BRDA:191,14,0,17
BRDA:191,14,1,1
BRDA:193,15,0,17
BRDA:193,15,1,17
BRDA:197,16,0,1
BRDA:197,16,1,16
BRDA:203,17,0,17
BRDA:203,17,1,16
BRDA:214,18,0,3
BRDA:214,18,1,14
BRDA:214,19,0,17
BRDA:214,19,1,3
BRDA:217,20,0,1
BRDA:217,20,1,0
BRDA:222,21,0,17
BRDA:222,21,1,3
BRDA:222,21,2,3
BRF:46
BRH:40
end_of_record
TN:
SF:src/config/api.ts
FNF:0
FNH:0
DA:1,3
LF:1
LH:1
BRDA:1,0,0,3
BRDA:1,0,1,3
BRF:2
BRH:2
end_of_record
TN:
SF:src/constants/events.ts
FNF:0
FNH:0
DA:1,4
LF:1
LH:1
BRF:0
BRH:0
end_of_record
TN:
SF:src/hooks/useAdmin.ts
FN:16,useAdmin
FN:25,showToast
FN:29,(anonymous_2)
FN:40,(anonymous_3)
FN:41,(anonymous_4)
FN:59,handleSaveUser
FN:62,(anonymous_6)
FN:66,(anonymous_7)
FN:66,(anonymous_8)
FN:72,handleDeleteUser
FN:74,(anonymous_10)
FN:74,(anonymous_11)
FN:79,handleSaveLobby
FN:81,(anonymous_13)
FN:81,(anonymous_14)
FN:86,handleDeleteLobby
FN:88,(anonymous_16)
FN:88,(anonymous_17)
FN:93,handleRefresh
FNF:19
FNH:0
FNDA:0,useAdmin
FNDA:0,showToast
FNDA:0,(anonymous_2)
FNDA:0,(anonymous_3)
FNDA:0,(anonymous_4)
FNDA:0,handleSaveUser
FNDA:0,(anonymous_6)
FNDA:0,(anonymous_7)
FNDA:0,(anonymous_8)
FNDA:0,handleDeleteUser
FNDA:0,(anonymous_10)
FNDA:0,(anonymous_11)
FNDA:0,handleSaveLobby
FNDA:0,(anonymous_13)
FNDA:0,(anonymous_14)
FNDA:0,handleDeleteLobby
FNDA:0,(anonymous_16)
FNDA:0,(anonymous_17)
FNDA:0,handleRefresh
DA:17,0
DA:18,0
DA:19,0
DA:20,0
DA:21,0
DA:22,0
DA:23,0
DA:26,0
DA:29,0
DA:30,0
DA:31,0
DA:32,0
DA:33,0
DA:34,0
DA:36,0
DA:40,0
DA:41,0
DA:42,0
DA:43,0
DA:44,0
DA:45,0
DA:46,0
DA:48,0
DA:49,0
DA:51,0
DA:52,0
DA:54,0
DA:60,0
DA:61,0
DA:62,0
DA:63,0
DA:65,0
DA:66,0
DA:67,0
DA:69,0
DA:73,0
DA:74,0
DA:75,0
DA:76,0
DA:80,0
DA:81,0
DA:82,0
DA:83,0
DA:87,0
DA:88,0
DA:89,0
DA:90,0
DA:94,0
DA:95,0
DA:98,0
LF:50
LH:0
BRDA:25,0,0,0
BRDA:44,1,0,0
BRDA:44,1,1,0
BRDA:60,2,0,0
BRDA:60,2,1,0
BRDA:66,3,0,0
BRDA:66,3,1,0
BRDA:81,4,0,0
BRDA:81,4,1,0
BRF:9
BRH:0
end_of_record
TN:
SF:src/hooks/useDashboard.ts
FN:22,useDashboard
FN:31,(anonymous_1)
FN:46,(anonymous_2)
FN:49,(anonymous_3)
FN:50,(anonymous_4)
FN:53,(anonymous_5)
FN:66,handleLogout
FNF:7
FNH:6
FNDA:26,useDashboard
FNDA:11,(anonymous_1)
FNDA:11,(anonymous_2)
FNDA:11,(anonymous_3)
FNDA:0,(anonymous_4)
FNDA:13,(anonymous_5)
FNDA:1,handleLogout
DA:7,1
DA:23,26
DA:24,26
DA:26,26
DA:27,26
DA:28,26
DA:29,26
DA:31,26
DA:32,11
DA:33,11
DA:34,8
DA:36,6
DA:37,6
DA:38,2
DA:39,2
DA:41,4
DA:46,26
DA:47,11
DA:48,11
DA:49,11
DA:50,0
DA:53,26
DA:54,13
DA:55,13
DA:56,13
DA:57,1
DA:58,1
DA:59,12
DA:60,1
DA:61,1
DA:62,1
DA:67,1
DA:68,1
DA:71,26
LF:34
LH:33
BRDA:37,0,0,2
BRDA:37,0,1,4
BRDA:37,1,0,6
BRDA:37,1,1,5
BRDA:56,2,0,1
BRDA:56,2,1,12
BRDA:59,3,0,1
BRDA:59,3,1,11
BRDA:60,4,0,1
BRDA:60,4,1,0
BRF:10
BRH:9
end_of_record
TN:
SF:src/hooks/useLobbies.ts
FN:20,getErrorMessage
FN:25,hasLobbyId
FN:31,useLobbies
FN:38,(anonymous_3)
FN:40,(anonymous_4)
FN:41,(anonymous_5)
FN:44,(anonymous_6)
FN:63,(anonymous_7)
FN:65,(anonymous_8)
FN:73,(anonymous_9)
FN:81,handleCreate
FN:100,handleSubmitReplay
FNF:12
FNH:11
FNDA:1,getErrorMessage
FNDA:24,hasLobbyId
FNDA:17,useLobbies
FNDA:8,(anonymous_3)
FNDA:8,(anonymous_4)
FNDA:0,(anonymous_5)
FNDA:12,(anonymous_6)
FNDA:8,(anonymous_7)
FNDA:2,(anonymous_8)
FNDA:1,(anonymous_9)
FNDA:1,handleCreate
FNDA:1,handleSubmitReplay
DA:21,1
DA:22,1
DA:26,24
DA:27,24
DA:28,24
DA:32,17
DA:33,17
DA:34,17
DA:35,17
DA:36,17
DA:38,17
DA:39,8
DA:40,8
DA:41,0
DA:44,17
DA:45,12
DA:46,12
DA:47,12
DA:48,9
DA:50,12
DA:51,12
DA:52,12
DA:54,0
DA:56,12
DA:57,12
DA:59,0
DA:63,17
DA:65,17
DA:66,2
DA:67,2
DA:68,1
DA:69,1
DA:70,1
DA:73,17
DA:74,1
DA:75,1
DA:76,1
DA:77,1
DA:78,0
DA:82,1
DA:83,1
DA:92,1
DA:93,1
DA:95,0
DA:96,0
DA:101,1
DA:102,1
DA:103,1
DA:104,1
DA:105,1
DA:107,0
DA:108,0
DA:112,17
LF:53
LH:45
BRDA:22,0,0,1
BRDA:22,0,1,0
BRDA:26,1,0,0
BRDA:26,1,1,24
BRDA:26,2,0,24
BRDA:26,2,1,24
BRDA:28,3,0,24
BRDA:28,3,1,24
BRDA:46,4,0,12
BRDA:46,4,1,3
BRDA:47,5,0,9
BRDA:47,5,1,3
BRDA:51,6,0,12
BRDA:51,6,1,0
BRDA:52,7,0,12
BRDA:52,7,1,0
BRDA:56,8,0,12
BRDA:56,8,1,0
BRDA:57,9,0,12
BRDA:57,9,1,0
BRF:20
BRH:14
end_of_record
TN:
SF:src/hooks/useViewportPrefetch.ts
FN:10,useViewportPrefetch
FN:14,(anonymous_1)
FN:30,(anonymous_2)
FN:31,(anonymous_3)
FN:45,(anonymous_4)
FN:46,(anonymous_5)
FNF:6
FNH:6
FNDA:2,useViewportPrefetch
FNDA:4,(anonymous_1)
FNDA:1,(anonymous_2)
FNDA:1,(anonymous_3)
FNDA:2,(anonymous_4)
FNDA:2,(anonymous_5)
DA:4,1
DA:11,2
DA:12,2
DA:14,2
DA:15,4
DA:16,2
DA:19,4
DA:21,4
DA:22,2
DA:25,2
DA:26,0
DA:29,2
DA:30,2
DA:31,1
DA:32,1
DA:33,0
DA:36,1
DA:37,1
DA:42,2
DA:45,2
DA:46,2
DA:47,2
DA:48,2
DA:49,2
DA:53,2
LF:25
LH:23
BRDA:15,0,0,2
BRDA:15,0,1,2
BRDA:15,1,0,4
BRDA:15,1,1,2
BRDA:21,2,0,2
BRDA:21,2,1,2
BRDA:25,3,0,0
BRDA:25,3,1,2
BRDA:25,4,0,2
BRDA:25,4,1,2
BRDA:29,5,0,2
BRDA:29,5,1,0
BRDA:32,6,0,0
BRDA:32,6,1,1
BRF:14
BRH:11
end_of_record
TN:
SF:src/layouts/AppLayout.tsx
FN:10,(anonymous_0)
FN:16,getLinkClass
FN:20,AppLayout
FN:25,(anonymous_3)
FN:27,(anonymous_4)
FN:38,(anonymous_5)
FN:39,update
FN:41,(anonymous_7)
FN:46,(anonymous_8)
FN:48,handler
FN:50,(anonymous_10)
FN:53,handleLogout
FN:59,getPrefetchProps
FN:61,(anonymous_13)
FN:62,(anonymous_14)
FN:63,(anonymous_15)
FN:72,(anonymous_16)
FN:97,(anonymous_17)
FN:100,(anonymous_18)
FN:104,(anonymous_19)
FN:109,(anonymous_20)
FN:115,(anonymous_21)
FN:126,(anonymous_22)
FN:126,(anonymous_23)
FN:145,(anonymous_24)
FN:148,(anonymous_25)
FN:154,(anonymous_26)
FNF:27
FNH:15
FNDA:1,(anonymous_0)
FNDA:25,getLinkClass
FNDA:7,AppLayout
FNDA:7,(anonymous_3)
FNDA:7,(anonymous_4)
FNDA:7,(anonymous_5)
FNDA:0,update
FNDA:7,(anonymous_7)
FNDA:7,(anonymous_8)
FNDA:0,handler
FNDA:0,(anonymous_10)
FNDA:0,handleLogout
FNDA:25,getPrefetchProps
FNDA:1,(anonymous_13)
FNDA:0,(anonymous_14)
FNDA:0,(anonymous_15)
FNDA:0,(anonymous_16)
FNDA:7,(anonymous_17)
FNDA:7,(anonymous_18)
FNDA:7,(anonymous_19)
FNDA:3,(anonymous_20)
FNDA:1,(anonymous_21)
FNDA:0,(anonymous_22)
FNDA:0,(anonymous_23)
FNDA:0,(anonymous_24)
FNDA:0,(anonymous_25)
FNDA:0,(anonymous_26)
DA:10,1
DA:12,1
DA:13,1
DA:14,1
DA:17,25
DA:21,7
DA:22,7
DA:23,7
DA:25,7
DA:26,7
DA:27,7
DA:28,7
DA:32,7
DA:33,7
DA:34,7
DA:35,7
DA:36,7
DA:38,7
DA:39,0
DA:40,7
DA:41,7
DA:42,7
DA:46,7
DA:47,7
DA:48,0
DA:49,0
DA:50,0
DA:54,0
DA:55,0
DA:56,0
DA:60,25
DA:61,1
DA:62,0
DA:63,0
DA:67,7
DA:68,7
DA:70,7
DA:72,0
DA:97,7
DA:100,7
DA:104,7
DA:109,3
DA:115,1
DA:126,0
DA:145,0
DA:148,0
DA:154,0
LF:47
LH:33
BRDA:17,0,0,7
BRDA:17,0,1,18
BRDA:47,1,0,7
BRDA:47,1,1,0
BRDA:68,2,0,7
BRDA:68,2,1,4
BRDA:108,3,0,7
BRDA:108,3,1,3
BRDA:114,4,0,7
BRDA:114,4,1,1
BRDA:123,5,0,3
BRDA:123,5,1,4
BRDA:135,6,0,1
BRDA:135,6,1,2
BRDA:138,7,0,0
BRDA:138,7,1,3
BRDA:141,8,0,3
BRDA:141,8,1,0
BRDA:152,9,0,0
BRDA:152,9,1,0
BRF:20
BRH:15
end_of_record
TN:
SF:src/lib/utils.ts
FN:4,cn
FNF:1
FNH:1
FNDA:2,cn
DA:5,2
LF:1
LH:1
BRF:0
BRH:0
end_of_record
TN:
SF:src/pages/Admin.tsx
FN:18,Admin
FN:31,onRefresh
FN:83,(anonymous_2)
FN:100,(anonymous_3)
FN:101,(anonymous_4)
FN:118,(anonymous_5)
FN:132,(anonymous_6)
FN:132,(anonymous_7)
FN:134,(anonymous_8)
FN:134,(anonymous_9)
FN:148,(anonymous_10)
FN:149,(anonymous_11)
FN:155,(anonymous_12)
FN:156,(anonymous_13)
FN:162,(anonymous_14)
FN:163,(anonymous_15)
FN:169,(anonymous_16)
FN:170,(anonymous_17)
FN:174,(anonymous_18)
FNF:19
FNH:0
FNDA:0,Admin
FNDA:0,onRefresh
FNDA:0,(anonymous_2)
FNDA:0,(anonymous_3)
FNDA:0,(anonymous_4)
FNDA:0,(anonymous_5)
FNDA:0,(anonymous_6)
FNDA:0,(anonymous_7)
FNDA:0,(anonymous_8)
FNDA:0,(anonymous_9)
FNDA:0,(anonymous_10)
FNDA:0,(anonymous_11)
FNDA:0,(anonymous_12)
FNDA:0,(anonymous_13)
FNDA:0,(anonymous_14)
FNDA:0,(anonymous_15)
FNDA:0,(anonymous_16)
FNDA:0,(anonymous_17)
FNDA:0,(anonymous_18)
DA:22,0
DA:24,0
DA:25,0
DA:26,0
DA:27,0
DA:28,0
DA:29,0
DA:32,0
DA:33,0
DA:34,0
DA:37,0
DA:38,0
DA:48,0
DA:83,0
DA:100,0
DA:101,0
DA:118,0
DA:132,0
DA:134,0
DA:148,0
DA:149,0
DA:155,0
DA:156,0
DA:162,0
DA:163,0
DA:169,0
DA:170,0
DA:174,0
LF:28
LH:0
BRDA:37,0,0,0
BRDA:37,0,1,0
BRDA:71,1,0,0
BRDA:71,1,1,0
BRDA:76,2,0,0
BRDA:76,2,1,0
BRDA:102,3,0,0
BRDA:102,3,1,0
BRDA:105,4,0,0
BRDA:105,4,1,0
BRDA:108,5,0,0
BRDA:108,5,1,0
BRDA:117,6,0,0
BRDA:117,6,1,0
BRDA:131,7,0,0
BRDA:131,7,1,0
BRDA:145,8,0,0
BRDA:145,8,1,0
BRDA:147,9,0,0
BRDA:147,9,1,0
BRDA:152,10,0,0
BRDA:152,10,1,0
BRDA:159,11,0,0
BRDA:159,11,1,0
BRDA:166,12,0,0
BRDA:166,12,1,0
BRDA:173,13,0,0
BRDA:173,13,1,0
BRF:28
BRH:0
end_of_record
TN:
SF:src/pages/Dashboard.tsx
FN:26,getRankCfg
FN:30,Dashboard
FN:40,(anonymous_2)
FN:84,(anonymous_3)
FNF:4
FNH:3
FNDA:4,getRankCfg
FNDA:7,Dashboard
FNDA:1,(anonymous_2)
FNDA:0,(anonymous_3)
DA:14,1
DA:27,4
DA:31,7
DA:33,7
DA:34,3
DA:40,1
DA:56,4
DA:57,4
DA:58,4
DA:59,7
DA:60,7
DA:61,7
DA:62,7
DA:64,7
DA:84,0
LF:15
LH:14
BRDA:27,0,0,4
BRDA:27,0,1,0
BRDA:33,1,0,3
BRDA:33,1,1,4
BRDA:36,2,0,2
BRDA:36,2,1,1
BRDA:58,3,0,4
BRDA:58,3,1,0
BRDA:59,4,0,7
BRDA:59,4,1,0
BRDA:60,5,0,7
BRDA:60,5,1,0
BRDA:61,6,0,7
BRDA:61,6,1,0
BRDA:72,7,0,7
BRDA:72,7,1,0
BRDA:74,8,0,0
BRDA:74,8,1,0
BRDA:75,9,0,0
BRDA:75,9,1,0
BRDA:124,10,0,7
BRDA:124,10,1,0
BRDA:130,11,0,7
BRDA:130,11,1,0
BRDA:167,12,0,4
BRDA:167,12,1,0
BRDA:167,13,0,4
BRDA:167,13,1,0
BRDA:167,14,0,4
BRDA:167,14,1,0
BRF:30
BRH:15
end_of_record
TN:
SF:src/pages/ForgotPassword.tsx
FN:10,ForgotPassword
FN:16,handleSubmit
FN:110,(anonymous_2)
FNF:3
FNH:3
FNDA:66,ForgotPassword
FNDA:4,handleSubmit
FNDA:52,(anonymous_2)
DA:11,66
DA:12,66
DA:13,66
DA:14,66
DA:17,4
DA:18,4
DA:19,4
DA:20,4
DA:21,4
DA:22,3
DA:24,1
DA:25,1
DA:27,4
DA:31,66
DA:110,52
LF:15
LH:15
BRDA:25,0,0,1
BRDA:25,0,1,0
BRDA:56,1,0,3
BRDA:56,1,1,63
BRDA:86,2,0,63
BRDA:86,2,1,1
BRDA:119,3,0,4
BRDA:119,3,1,59
BRDA:121,4,0,4
BRDA:121,4,1,59
BRF:10
BRH:9
end_of_record
TN:
SF:src/pages/LandingPage.tsx
FN:11,(anonymous_0)
FN:87,LandingBackground
FN:114,getPrefetchProps
FN:116,(anonymous_3)
FN:117,(anonymous_4)
FN:118,(anonymous_5)
FN:129,RanksInlineSection
FN:159,(anonymous_7)
FN:166,(anonymous_8)
FN:231,FeaturesInlineSection
FN:266,(anonymous_10)
FN:310,CTAInlineSection
FN:348,(anonymous_12)
FN:399,FooterInlineSection
FN:450,LandingPage
FN:456,(anonymous_15)
FNF:16
FNH:16
FNDA:1,(anonymous_0)
FNDA:4,LandingBackground
FNDA:8,getPrefetchProps
FNDA:8,(anonymous_3)
FNDA:8,(anonymous_4)
FNDA:8,(anonymous_5)
FNDA:4,RanksInlineSection
FNDA:28,(anonymous_7)
FNDA:28,(anonymous_8)
FNDA:4,FeaturesInlineSection
FNDA:24,(anonymous_10)
FNDA:4,CTAInlineSection
FNDA:24,(anonymous_12)
FNDA:4,FooterInlineSection
FNDA:4,LandingPage
FNDA:16,(anonymous_15)
DA:11,1
DA:12,1
DA:29,1
DA:39,1
DA:78,1
DA:88,4
DA:115,8
DA:116,2
DA:117,0
DA:118,0
DA:130,4
DA:160,28
DA:161,28
DA:163,28
DA:167,1
DA:232,4
DA:267,24
DA:268,24
DA:311,4
DA:349,24
DA:400,4
DA:451,4
DA:452,4
DA:454,4
DA:456,4
DA:457,16
DA:460,4
DA:461,4
DA:462,4
DA:464,4
LF:30
LH:28
BRDA:171,0,0,4
BRDA:171,0,1,24
BRDA:180,1,0,4
BRDA:180,1,1,24
BRDA:460,2,0,4
BRDA:460,2,1,0
BRDA:461,3,0,4
BRDA:461,3,1,0
BRF:8
BRH:6
end_of_record
TN:
SF:src/pages/Leaderboard.tsx
FN:10,getTier
FN:36,getRankAccentColor
FN:43,LeaderboardBackground
FN:60,PodiumCard
FN:120,TableRow
FN:172,PodiumSkeleton
FN:178,(anonymous_6)
FN:184,RowSkeleton
FN:197,LeaderboardFooter
FN:243,Leaderboard
FN:248,(anonymous_10)
FN:251,(anonymous_11)
FN:252,(anonymous_12)
FN:281,(anonymous_13)
FN:282,(anonymous_14)
FN:313,(anonymous_15)
FN:314,(anonymous_16)
FNF:17
FNH:17
FNDA:12,getTier
FNDA:9,getRankAccentColor
FNDA:6,LeaderboardBackground
FNDA:9,PodiumCard
FNDA:3,TableRow
FNDA:18,PodiumSkeleton
FNDA:54,(anonymous_6)
FNDA:60,RowSkeleton
FNDA:11,LeaderboardFooter
FNDA:11,Leaderboard
FNDA:6,(anonymous_10)
FNDA:1,(anonymous_11)
FNDA:6,(anonymous_12)
FNDA:18,(anonymous_13)
FNDA:9,(anonymous_14)
FNDA:60,(anonymous_15)
FNDA:3,(anonymous_16)
DA:11,12
DA:12,3
DA:13,3
DA:14,3
DA:15,0
DA:16,3
DA:17,0
DA:18,0
DA:22,1
DA:32,1
DA:33,1
DA:34,1
DA:37,9
DA:38,6
DA:39,3
DA:43,1
DA:44,6
DA:61,9
DA:62,9
DA:63,9
DA:64,9
DA:66,9
DA:121,3
DA:122,3
DA:124,3
DA:173,18
DA:178,54
DA:185,60
DA:198,11
DA:244,11
DA:245,11
DA:246,11
DA:248,11
DA:249,6
DA:251,1
DA:252,6
DA:255,11
DA:256,11
DA:258,11
DA:281,18
DA:282,9
DA:313,60
DA:314,3
LF:43
LH:40
BRDA:11,0,0,3
BRDA:11,0,1,3
BRDA:11,0,2,3
BRDA:11,0,3,0
BRDA:11,0,4,3
BRDA:11,0,5,0
BRDA:11,0,6,0
BRDA:37,1,0,3
BRDA:37,1,1,6
BRDA:38,2,0,3
BRDA:38,2,1,3
BRDA:72,3,0,3
BRDA:72,3,1,6
BRDA:110,4,0,9
BRDA:110,4,1,3
BRDA:161,5,0,3
BRDA:161,5,1,0
BRDA:270,6,0,11
BRDA:270,6,1,5
BRDA:270,6,2,4
BRDA:280,7,0,6
BRDA:280,7,1,5
BRDA:288,8,0,1
BRDA:288,8,1,10
BRDA:312,9,0,6
BRDA:312,9,1,4
BRF:26
BRH:22
end_of_record
TN:
SF:src/pages/Lobbies.tsx
FN:21,normalizeGame
FN:26,normalizeStatus
FN:33,hasLobbyId
FN:39,formatDate
FN:46,normalizeLobbyForCard
FN:61,Lobbies
FN:81,handleCreate
FN:99,handleSubmit
FN:107,(anonymous_8)
FN:112,(anonymous_9)
FN:120,(anonymous_10)
FN:121,(anonymous_11)
FN:152,(anonymous_12)
FN:162,(anonymous_13)
FN:187,(anonymous_14)
FN:197,(anonymous_15)
FN:202,(anonymous_16)
FN:217,(anonymous_17)
FN:246,(anonymous_18)
FN:289,(anonymous_19)
FN:296,(anonymous_20)
FN:311,(anonymous_21)
FN:312,(anonymous_22)
FN:316,(anonymous_23)
FN:328,(anonymous_24)
FN:338,(anonymous_25)
FN:343,(anonymous_26)
FN:345,(anonymous_27)
FN:349,(anonymous_28)
FN:351,(anonymous_29)
FN:375,(anonymous_30)
FN:377,(anonymous_31)
FN:381,(anonymous_32)
FNF:33
FNH:0
FNDA:0,normalizeGame
FNDA:0,normalizeStatus
FNDA:0,hasLobbyId
FNDA:0,formatDate
FNDA:0,normalizeLobbyForCard
FNDA:0,Lobbies
FNDA:0,handleCreate
FNDA:0,handleSubmit
FNDA:0,(anonymous_8)
FNDA:0,(anonymous_9)
FNDA:0,(anonymous_10)
FNDA:0,(anonymous_11)
FNDA:0,(anonymous_12)
FNDA:0,(anonymous_13)
FNDA:0,(anonymous_14)
FNDA:0,(anonymous_15)
FNDA:0,(anonymous_16)
FNDA:0,(anonymous_17)
FNDA:0,(anonymous_18)
FNDA:0,(anonymous_19)
FNDA:0,(anonymous_20)
FNDA:0,(anonymous_21)
FNDA:0,(anonymous_22)
FNDA:0,(anonymous_23)
FNDA:0,(anonymous_24)
FNDA:0,(anonymous_25)
FNDA:0,(anonymous_26)
FNDA:0,(anonymous_27)
FNDA:0,(anonymous_28)
FNDA:0,(anonymous_29)
FNDA:0,(anonymous_30)
FNDA:0,(anonymous_31)
FNDA:0,(anonymous_32)
DA:12,0
DA:22,0
DA:23,0
DA:27,0
DA:28,0
DA:30,0
DA:34,0
DA:35,0
DA:36,0
DA:40,0
DA:41,0
DA:42,0
DA:43,0
DA:47,0
DA:62,0
DA:64,0
DA:65,0
DA:66,0
DA:67,0
DA:68,0
DA:69,0
DA:70,0
DA:71,0
DA:72,0
DA:73,0
DA:74,0
DA:75,0
DA:76,0
DA:77,0
DA:78,0
DA:79,0
DA:82,0
DA:83,0
DA:84,0
DA:93,0
DA:94,0
DA:95,0
DA:100,0
DA:101,0
DA:102,0
DA:103,0
DA:107,0
DA:108,0
DA:109,0
DA:113,0
DA:114,0
DA:115,0
DA:116,0
DA:120,0
DA:121,0
DA:124,0
DA:126,0
DA:127,0
DA:129,0
DA:152,0
DA:162,0
DA:187,0
DA:198,0
DA:199,0
DA:202,0
DA:218,0
DA:246,0
DA:290,0
DA:291,0
DA:292,0
DA:296,0
DA:311,0
DA:312,0
DA:316,0
DA:328,0
DA:338,0
DA:343,0
DA:345,0
DA:349,0
DA:351,0
DA:375,0
DA:378,0
DA:381,0
LF:78
LH:0
BRDA:22,0,0,0
BRDA:22,0,1,0
BRDA:22,1,0,0
BRDA:22,1,1,0
BRDA:27,2,0,0
BRDA:27,2,1,0
BRDA:27,3,0,0
BRDA:27,3,1,0
BRDA:27,3,2,0
BRDA:27,3,3,0
BRDA:27,3,4,0
BRDA:34,4,0,0
BRDA:34,4,1,0
BRDA:34,5,0,0
BRDA:34,5,1,0
BRDA:36,6,0,0
BRDA:36,6,1,0
BRDA:40,7,0,0
BRDA:40,7,1,0
BRDA:42,8,0,0
BRDA:42,8,1,0
BRDA:49,9,0,0
BRDA:49,9,1,0
BRDA:50,10,0,0
BRDA:50,10,1,0
BRDA:52,11,0,0
BRDA:52,11,1,0
BRDA:53,12,0,0
BRDA:53,12,1,0
BRDA:54,13,0,0
BRDA:54,13,1,0
BRDA:54,14,0,0
BRDA:54,14,1,0
BRDA:55,15,0,0
BRDA:55,15,1,0
BRDA:87,16,0,0
BRDA:87,16,1,0
BRDA:88,17,0,0
BRDA:88,17,1,0
BRDA:113,18,0,0
BRDA:113,18,1,0
BRDA:114,19,0,0
BRDA:114,19,1,0
BRDA:115,20,0,0
BRDA:115,20,1,0
BRDA:116,21,0,0
BRDA:116,21,1,0
BRDA:124,22,0,0
BRDA:124,22,1,0
BRDA:204,23,0,0
BRDA:204,23,1,0
BRDA:232,24,0,0
BRDA:232,24,1,0
BRDA:243,25,0,0
BRDA:243,25,1,0
BRDA:254,26,0,0
BRDA:254,26,1,0
BRDA:298,27,0,0
BRDA:298,27,1,0
BRDA:329,28,0,0
BRDA:329,28,1,0
BRDA:331,29,0,0
BRDA:331,29,1,0
BRDA:335,30,0,0
BRDA:335,30,1,0
BRDA:388,31,0,0
BRDA:388,31,1,0
BRF:67
BRH:0
end_of_record
TN:
SF:src/pages/Login.tsx
FN:20,Login
FN:31,handleSubmit
FN:52,handleResend
FN:116,(anonymous_3)
FN:221,(anonymous_4)
FN:237,(anonymous_5)
FN:242,(anonymous_6)
FN:256,(anonymous_7)
FNF:8
FNH:8
FNDA:1,Login
FNDA:27,handleSubmit
FNDA:1,handleResend
FNDA:27,(anonymous_3)
FNDA:27,(anonymous_4)
FNDA:27,(anonymous_5)
FNDA:27,(anonymous_6)
FNDA:27,(anonymous_7)
DA:10,1
DA:12,1
DA:14,1
DA:21,1
DA:22,1
DA:23,1
DA:24,27
DA:25,27
DA:26,27
DA:27,27
DA:28,27
DA:29,27
DA:32,27
DA:33,27
DA:34,27
DA:35,27
DA:36,27
DA:37,27
DA:38,27
DA:39,1
DA:41,1
DA:42,1
DA:43,0
DA:44,0
DA:45,1
DA:48,0
DA:53,1
DA:54,1
DA:55,0
DA:57,1
DA:58,1
DA:59,0
DA:60,0
DA:62,0
DA:66,0
DA:117,27
DA:118,27
DA:221,27
DA:237,27
DA:242,27
DA:256,27
LF:41
LH:33
BRDA:42,0,0,1
BRDA:42,0,1,1
BRDA:44,1,0,1
BRDA:44,1,1,-1
BRDA:53,2,0,1
BRDA:53,2,1,0
BRDA:159,3,0,27
BRDA:159,3,1,27
BRDA:171,4,0,1
BRDA:171,4,1,1
BRDA:179,5,0,0
BRDA:179,5,1,0
BRDA:184,6,0,0
BRDA:184,6,1,0
BRDA:200,7,0,0
BRDA:200,7,1,0
BRDA:201,8,0,0
BRDA:201,8,1,0
BRDA:233,9,0,27
BRDA:233,9,1,27
BRDA:245,10,0,27
BRDA:245,10,1,1
BRDA:260,11,0,27
BRDA:260,11,1,27
BRDA:280,12,0,27
BRDA:280,12,1,27
BRDA:282,13,0,27
BRDA:282,13,1,1
BRF:28
BRH:18
end_of_record
TN:
SF:src/pages/NotFound.tsx
FN:6,NotFound
FNF:1
FNH:1
FNDA:3,NotFound
DA:7,3
LF:1
LH:1
BRF:0
BRH:0
end_of_record
TN:
SF:src/pages/Register.tsx
FN:20,Register
FN:33,handleSubmit
FN:53,(anonymous_2)
FN:121,(anonymous_3)
FN:195,(anonymous_4)
FN:211,(anonymous_5)
FN:227,(anonymous_6)
FN:232,(anonymous_7)
FN:252,(anonymous_8)
FN:257,(anonymous_9)
FN:270,(anonymous_10)
FNF:11
FNH:11
FNDA:1,Register
FNDA:108,handleSubmit
FNDA:1,(anonymous_2)
FNDA:108,(anonymous_3)
FNDA:108,(anonymous_4)
FNDA:108,(anonymous_5)
FNDA:108,(anonymous_6)
FNDA:108,(anonymous_7)
FNDA:108,(anonymous_8)
FNDA:108,(anonymous_9)
FNDA:108,(anonymous_10)
DA:10,1
DA:12,1
DA:14,1
DA:21,1
DA:22,1
DA:23,1
DA:24,108
DA:25,108
DA:26,108
DA:27,108
DA:28,108
DA:29,108
DA:30,108
DA:31,108
DA:34,108
DA:35,108
DA:37,108
DA:38,108
DA:39,108
DA:42,3
DA:43,3
DA:44,3
DA:47,1
DA:48,1
DA:49,1
DA:50,1
DA:51,1
DA:52,1
DA:53,1
DA:54,1
DA:57,0
DA:58,3
DA:59,0
DA:60,3
DA:62,0
DA:66,0
DA:67,0
DA:71,107
DA:122,108
DA:123,108
DA:195,108
DA:211,108
DA:227,108
DA:232,108
DA:252,108
DA:257,108
DA:270,108
LF:47
LH:42
BRDA:37,0,0,108
BRDA:37,0,1,0
BRDA:42,1,0,3
BRDA:42,1,1,0
BRDA:51,2,0,1
BRDA:51,2,1,1
BRDA:58,3,0,3
BRDA:58,3,1,3
BRDA:66,4,0,0
BRDA:66,4,1,0
BRDA:67,5,0,0
BRDA:67,5,1,108
BRDA:164,6,0,108
BRDA:164,6,1,108
BRDA:173,7,0,3
BRDA:173,7,1,1
BRDA:223,8,0,108
BRDA:223,8,1,108
BRDA:235,9,0,108
BRDA:235,9,1,0
BRDA:248,10,0,108
BRDA:248,10,1,108
BRDA:260,11,0,108
BRDA:260,11,1,0
BRDA:274,12,0,108
BRDA:274,12,1,108
BRDA:292,13,0,108
BRDA:292,13,1,108
BRDA:294,14,0,108
BRDA:294,14,1,1
BRF:30
BRH:23
end_of_record
TN:
SF:src/pages/ResetPassword.tsx
FN:10,ResetPassword
FN:23,handleSubmit
FN:38,(anonymous_2)
FN:119,(anonymous_3)
FN:124,(anonymous_4)
FN:124,(anonymous_5)
FN:143,(anonymous_6)
FN:148,(anonymous_7)
FN:148,(anonymous_8)
FNF:9
FNH:4
FNDA:119,ResetPassword
FNDA:4,handleSubmit
FNDA:0,(anonymous_2)
FNDA:53,(anonymous_3)
FNDA:0,(anonymous_4)
FNDA:0,(anonymous_5)
FNDA:54,(anonymous_6)
FNDA:0,(anonymous_7)
FNDA:0,(anonymous_8)
DA:11,119
DA:12,119
DA:13,119
DA:15,119
DA:16,119
DA:17,119
DA:18,119
DA:19,119
DA:20,119
DA:21,119
DA:24,4
DA:25,4
DA:26,4
DA:27,1
DA:28,1
DA:30,3
DA:31,0
DA:32,0
DA:34,3
DA:35,3
DA:36,3
DA:37,2
DA:38,2
DA:40,1
DA:41,1
DA:43,3
DA:47,119
DA:119,53
DA:124,0
DA:143,54
DA:148,0
LF:31
LH:27
BRDA:12,0,0,119
BRDA:12,0,1,0
BRDA:26,1,0,1
BRDA:26,1,1,3
BRDA:30,2,0,0
BRDA:30,2,1,3
BRDA:41,3,0,1
BRDA:41,3,1,0
BRDA:72,4,0,2
BRDA:72,4,1,117
BRDA:95,5,0,117
BRDA:95,5,1,2
BRDA:114,6,0,0
BRDA:114,6,1,117
BRDA:127,7,0,0
BRDA:127,7,1,117
BRDA:139,8,0,0
BRDA:139,8,1,117
BRDA:151,9,0,0
BRDA:151,9,1,117
BRDA:159,10,0,3
BRDA:159,10,1,114
BRDA:161,11,0,3
BRDA:161,11,1,114
BRF:24
BRH:17
end_of_record
TN:
SF:src/pages/VerifyEmail.tsx
FN:10,VerifyEmail
FN:17,(anonymous_1)
FN:27,(anonymous_2)
FN:31,(anonymous_3)
FNF:4
FNH:4
FNDA:11,VerifyEmail
FNDA:6,(anonymous_1)
FNDA:3,(anonymous_2)
FNDA:1,(anonymous_3)
DA:11,11
DA:12,11
DA:13,11
DA:14,11
DA:15,11
DA:17,11
DA:18,6
DA:19,6
DA:21,6
DA:22,1
DA:23,1
DA:24,1
DA:26,5
DA:28,3
DA:29,3
DA:32,1
DA:33,1
DA:37,11
LF:18
LH:18
BRDA:12,0,0,11
BRDA:12,0,1,2
BRDA:18,1,0,0
BRDA:18,1,1,6
BRDA:21,2,0,1
BRDA:21,2,1,5
BRDA:28,3,0,3
BRDA:28,3,1,0
BRDA:32,4,0,1
BRDA:32,4,1,0
BRDA:62,5,0,11
BRDA:62,5,1,6
BRDA:72,6,0,11
BRDA:72,6,1,3
BRDA:88,7,0,11
BRDA:88,7,1,2
BRF:16
BRH:13
end_of_record
TN:
SF:src/services/adminService.ts
FN:42,getAdminStats
FN:47,adminGetUsers
FN:52,adminCreateUser
FN:57,adminUpdateUser
FN:62,adminDeleteUser
FN:66,adminGetLobbies
FN:71,adminUpdateLobby
FN:76,adminDeleteLobby
FNF:8
FNH:8
FNDA:2,getAdminStats
FNDA:1,adminGetUsers
FNDA:1,adminCreateUser
FNDA:1,adminUpdateUser
FNDA:1,adminDeleteUser
FNDA:1,adminGetLobbies
FNDA:1,adminUpdateLobby
FNDA:1,adminDeleteLobby
DA:43,2
DA:44,1
DA:48,1
DA:49,1
DA:53,1
DA:54,1
DA:58,1
DA:59,1
DA:63,1
DA:67,1
DA:68,1
DA:72,1
DA:73,1
DA:77,1
LF:14
LH:14
BRF:0
BRH:0
end_of_record
TN:
SF:src/services/apiClient.ts
FN:11,(anonymous_0)
FN:12,(anonymous_1)
FNF:2
FNH:1
FNDA:0,(anonymous_0)
FNDA:2,(anonymous_1)
DA:5,3
DA:10,3
DA:11,0
DA:13,2
DA:14,1
DA:16,2
LF:6
LH:5
BRDA:13,0,0,1
BRDA:13,0,1,1
BRF:2
BRH:2
end_of_record
TN:
SF:src/services/authService.ts
FN:16,getAuthInfoCookie
FN:18,(anonymous_1)
FN:30,getNavInfo
FN:36,isTokenValid
FN:40,(anonymous_4)
FN:45,(anonymous_5)
FN:51,(anonymous_6)
FN:56,(anonymous_7)
FN:61,(anonymous_8)
FN:66,(anonymous_9)
FN:71,(anonymous_10)
FNF:11
FNH:8
FNDA:20,getAuthInfoCookie
FNDA:20,(anonymous_1)
FNDA:17,getNavInfo
FNDA:3,isTokenValid
FNDA:1,(anonymous_4)
FNDA:3,(anonymous_5)
FNDA:2,(anonymous_6)
FNDA:1,(anonymous_7)
FNDA:0,(anonymous_8)
FNDA:0,(anonymous_9)
FNDA:0,(anonymous_10)
DA:17,20
DA:18,20
DA:19,20
DA:20,12
DA:21,12
DA:22,12
DA:23,12
DA:24,9
DA:26,0
DA:31,17
DA:32,17
DA:33,8
DA:37,3
DA:40,3
DA:41,1
DA:42,1
DA:45,3
DA:46,3
DA:47,2
DA:48,2
DA:51,3
DA:52,2
DA:53,2
DA:56,3
DA:57,1
DA:58,1
DA:61,3
DA:62,0
DA:63,0
DA:66,3
DA:67,0
DA:68,0
DA:71,3
DA:72,0
DA:73,0
LF:35
LH:28
BRDA:19,0,0,8
BRDA:19,0,1,12
BRDA:22,1,0,0
BRDA:22,1,1,12
BRDA:22,2,0,12
BRDA:22,2,1,12
BRDA:22,2,2,12
BRDA:23,3,0,3
BRDA:23,3,1,9
BRDA:32,4,0,9
BRDA:32,4,1,8
BRF:11
BRH:10
end_of_record
TN:
SF:src/services/leaderboardService.ts
FN:16,getLeaderboard
FNF:1
FNH:1
FNDA:5,getLeaderboard
DA:17,5
DA:18,4
LF:2
LH:2
BRDA:16,0,0,5
BRF:1
BRH:1
end_of_record
TN:
SF:src/services/lobbyService.ts
FN:4,(anonymous_0)
FN:34,(anonymous_1)
FN:39,(anonymous_2)
FN:44,(anonymous_3)
FN:49,(anonymous_4)
FN:54,(anonymous_5)
FNF:6
FNH:6
FNDA:3,(anonymous_0)
FNDA:1,(anonymous_1)
FNDA:1,(anonymous_2)
FNDA:1,(anonymous_3)
FNDA:1,(anonymous_4)
FNDA:1,(anonymous_5)
DA:4,1
DA:13,3
DA:17,3
DA:21,3
DA:31,3
DA:34,1
DA:35,1
DA:36,1
DA:39,1
DA:40,1
DA:41,1
DA:44,1
DA:45,1
DA:46,1
DA:49,1
DA:50,1
DA:51,1
DA:54,1
DA:55,1
DA:56,1
LF:20
LH:20
BRDA:11,0,0,3
BRDA:13,1,0,2
BRDA:13,1,1,1
BRDA:17,2,0,2
BRDA:17,2,1,1
BRF:5
BRH:5
end_of_record
TN:
SF:src/services/matchService.ts
FN:4,(anonymous_0)
FNF:1
FNH:1
FNDA:2,(anonymous_0)
DA:4,1
DA:5,2
DA:6,1
LF:3
LH:3
BRF:0
BRH:0
end_of_record
TN:
SF:src/services/riotService.ts
FN:9,linkRiotAccount
FN:18,unlinkRiotAccount
FN:23,getMyRiotProfile
FN:28,getRiotProfileByRiotId
FN:38,submitLolMatch
FN:46,getRiotOAuthUrl
FNF:6
FNH:6
FNDA:2,linkRiotAccount
FNDA:1,unlinkRiotAccount
FNDA:1,getMyRiotProfile
FNDA:2,getRiotProfileByRiotId
FNDA:1,submitLolMatch
FNDA:1,getRiotOAuthUrl
DA:14,2
DA:15,1
DA:19,1
DA:20,1
DA:24,1
DA:25,1
DA:32,2
DA:35,2
DA:42,1
DA:43,1
DA:49,1
DA:50,1
LF:12
LH:12
BRDA:30,0,0,2
BRF:1
BRH:1
end_of_record
TN:
SF:src/services/routePrefetch.ts
FN:4,(anonymous_0)
FN:5,(anonymous_1)
FN:6,(anonymous_2)
FN:7,(anonymous_3)
FN:8,(anonymous_4)
FN:9,(anonymous_5)
FN:10,(anonymous_6)
FN:11,(anonymous_7)
FN:16,prefetchRoute
FN:23,(anonymous_9)
FNF:10
FNH:9
FNDA:1,(anonymous_0)
FNDA:1,(anonymous_1)
FNDA:1,(anonymous_2)
FNDA:1,(anonymous_3)
FNDA:1,(anonymous_4)
FNDA:1,(anonymous_5)
FNDA:1,(anonymous_6)
FNDA:1,(anonymous_7)
FNDA:3,prefetchRoute
FNDA:0,(anonymous_9)
DA:3,1
DA:4,0
DA:5,1
DA:6,1
DA:7,0
DA:8,0
DA:9,0
DA:10,0
DA:11,0
DA:14,1
DA:17,3
DA:18,1
DA:21,2
DA:23,2
DA:24,0
LF:15
LH:8
BRDA:17,0,0,1
BRDA:17,0,1,2
BRF:2
BRH:2
end_of_record
TN:
SF:src/types/index.ts
FNF:0
FNH:0
LF:0
LH:0
BRF:0
BRH:0
end_of_record
